# JRE version: OpenJDK Runtime Environment AdoptOpenJDK (11.0.10+9) (build 11.0.10+9)
# Java VM: OpenJDK 64-Bit Server VM AdoptOpenJDK (11.0.10+9, mixed mode, tiered, compressed oops, g1 gc, bsd-amd64)
Heap:
 garbage-first heap   total 106496K, used 74916K [0x0000000780000000, 0x0000000800000000)
  region size 1024K, 42 young (43008K), 6 survivors (6144K)
 Metaspace       used 68072K, capacity 70763K, committed 70828K, reserved 1110016K
  class space    used 8580K, capacity 9722K, committed 9728K, reserved 1048576K
GC Heap History (20 events):
Event: 537.652 GC heap after
{Heap after GC invocations=27 (full 3):
 garbage-first heap   total 109568K, used 42998K [0x0000000780000000, 0x0000000800000000)
  region size 1024K, 2 young (2048K), 2 survivors (2048K)
 Metaspace       used 67648K, capacity 70235K, committed 70572K, reserved 1110016K
  class space    used 8529K, capacity 9621K, committed 9728K, reserved 1048576K
}
Event: 540.551 GC heap before
{Heap before GC invocations=27 (full 3):
 garbage-first heap   total 109568K, used 51190K [0x0000000780000000, 0x0000000800000000)
  region size 1024K, 11 young (11264K), 2 survivors (2048K)
 Metaspace       used 67707K, capacity 70305K, committed 70572K, reserved 1110016K
  class space    used 8533K, capacity 9623K, committed 9728K, reserved 1048576K
}
Event: 540.659 GC heap after
{Heap after GC invocations=28 (full 4):
 garbage-first heap   total 106496K, used 29085K [0x0000000780000000, 0x0000000800000000)
  region size 1024K, 0 young (0K), 0 survivors (0K)
 Metaspace       used 67702K, capacity 70293K, committed 70572K, reserved 1110016K
  class space    used 8531K, capacity 9619K, committed 9728K, reserved 1048576K
}
Event: 541.912 GC heap before
{Heap before GC invocations=28 (full 4):
 garbage-first heap   total 106496K, used 73117K [0x0000000780000000, 0x0000000800000000)
  region size 1024K, 44 young (45056K), 0 survivors (0K)
 Metaspace       used 67817K, capacity 70482K, committed 70572K, reserved 1110016K
  class space    used 8552K, capacity 9675K, committed 9728K, reserved 1048576K
}
Event: 541.916 GC heap after
{Heap after GC invocations=29 (full 4):
 garbage-first heap   total 106496K, used 31696K [0x0000000780000000, 0x0000000800000000)
  region size 1024K, 3 young (3072K), 3 survivors (3072K)
 Metaspace       used 67817K, capacity 70482K, committed 70572K, reserved 1110016K
  class space    used 8552K, capacity 9675K, committed 9728K, reserved 1048576K
}
Event: 542.423 GC heap before
{Heap before GC invocations=29 (full 4):
 garbage-first heap   total 106496K, used 76752K [0x0000000780000000, 0x0000000800000000)
  region size 1024K, 47 young (48128K), 3 survivors (3072K)
 Metaspace       used 67854K, capacity 70564K, committed 70828K, reserved 1110016K
  class space    used 8556K, capacity 9678K, committed 9728K, reserved 1048576K
}
Event: 542.430 GC heap after
{Heap after GC invocations=30 (full 4):
 garbage-first heap   total 106496K, used 39325K [0x0000000780000000, 0x0000000800000000)
  region size 1024K, 6 young (6144K), 6 survivors (6144K)
 Metaspace       used 67854K, capacity 70564K, committed 70828K, reserved 1110016K
  class space    used 8556K, capacity 9678K, committed 9728K, reserved 1048576K
}
Event: 542.514 GC heap before
{Heap before GC invocations=30 (full 4):
 garbage-first heap   total 106496K, used 78237K [0x0000000780000000, 0x0000000800000000)
  region size 1024K, 45 young (46080K), 6 survivors (6144K)
 Metaspace       used 67854K, capacity 70564K, committed 70828K, reserved 1110016K
  class space    used 8556K, capacity 9678K, committed 9728K, reserved 1048576K
}
Event: 542.524 GC heap after
{Heap after GC invocations=31 (full 4):
 garbage-first heap   total 106496K, used 49199K [0x0000000780000000, 0x0000000800000000)
  region size 1024K, 6 young (6144K), 6 survivors (6144K)
 Metaspace       used 67854K, capacity 70564K, committed 70828K, reserved 1110016K
  class space    used 8556K, capacity 9678K, committed 9728K, reserved 1048576K
}
Event: 663.930 GC heap before
{Heap before GC invocations=31 (full 4):
 garbage-first heap   total 106496K, used 77871K [0x0000000780000000, 0x0000000800000000)
  region size 1024K, 34 young (34816K), 6 survivors (6144K)
 Metaspace       used 67870K, capacity 70564K, committed 70828K, reserved 1110016K
  class space    used 8558K, capacity 9678K, committed 9728K, reserved 1048576K
}
Event: 663.977 GC heap after
{Heap after GC invocations=32 (full 4):
 garbage-first heap   total 106496K, used 52306K [0x0000000780000000, 0x0000000800000000)
  region size 1024K, 3 young (3072K), 3 survivors (3072K)
 Metaspace       used 67870K, capacity 70564K, committed 70828K, reserved 1110016K
  class space    used 8558K, capacity 9678K, committed 9728K, reserved 1048576K
}
Event: 878.400 GC heap before
{Heap before GC invocations=32 (full 4):
 garbage-first heap   total 106496K, used 78930K [0x0000000780000000, 0x0000000800000000)
  region size 1024K, 29 young (29696K), 3 survivors (3072K)
 Metaspace       used 67870K, capacity 70564K, committed 70828K, reserved 1110016K
  class space    used 8558K, capacity 9678K, committed 9728K, reserved 1048576K
}
Event: 878.423 GC heap after
{Heap after GC invocations=33 (full 4):
 garbage-first heap   total 106496K, used 51686K [0x0000000780000000, 0x0000000800000000)
  region size 1024K, 2 young (2048K), 2 survivors (2048K)
 Metaspace       used 67870K, capacity 70564K, committed 70828K, reserved 1110016K
  class space    used 8558K, capacity 9678K, committed 9728K, reserved 1048576K
}
Event: 947.541 GC heap before
{Heap before GC invocations=34 (full 4):
 garbage-first heap   total 106496K, used 55383K [0x0000000780000000, 0x0000000800000000)
  region size 1024K, 12 young (12288K), 2 survivors (2048K)
 Metaspace       used 67922K, capacity 70564K, committed 70828K, reserved 1110016K
  class space    used 8561K, capacity 9678K, committed 9728K, reserved 1048576K
}
Event: 947.653 GC heap after
{Heap after GC invocations=35 (full 5):
 garbage-first heap   total 106496K, used 29657K [0x0000000780000000, 0x0000000800000000)
  region size 1024K, 0 young (0K), 0 survivors (0K)
 Metaspace       used 67922K, capacity 70564K, committed 70828K, reserved 1110016K
  class space    used 8561K, capacity 9678K, committed 9728K, reserved 1048576K
}
Event: 950.202 GC heap before
{Heap before GC invocations=35 (full 5):
 garbage-first heap   total 106496K, used 68569K [0x0000000780000000, 0x0000000800000000)
  region size 1024K, 39 young (39936K), 0 survivors (0K)
 Metaspace       used 67972K, capacity 70684K, committed 70828K, reserved 1110016K
  class space    used 8570K, capacity 9718K, committed 9728K, reserved 1048576K
}
Event: 950.214 GC heap after
{Heap after GC invocations=36 (full 5):
 garbage-first heap   total 106496K, used 31982K [0x0000000780000000, 0x0000000800000000)
  region size 1024K, 3 young (3072K), 3 survivors (3072K)
 Metaspace       used 67972K, capacity 70684K, committed 70828K, reserved 1110016K
  class space    used 8570K, capacity 9718K, committed 9728K, reserved 1048576K
}
Event: 951.167 GC heap before
{Heap before GC invocations=36 (full 5):
 garbage-first heap   total 106496K, used 71918K [0x0000000780000000, 0x0000000800000000)
  region size 1024K, 43 young (44032K), 3 survivors (3072K)
 Metaspace       used 68028K, capacity 70699K, committed 70828K, reserved 1110016K
  class space    used 8576K, capacity 9722K, committed 9728K, reserved 1048576K
}
Event: 951.179 GC heap after
{Heap after GC invocations=37 (full 5):
 garbage-first heap   total 106496K, used 38052K [0x0000000780000000, 0x0000000800000000)
  region size 1024K, 6 young (6144K), 6 survivors (6144K)
 Metaspace       used 68028K, capacity 70699K, committed 70828K, reserved 1110016K
  class space    used 8576K, capacity 9722K, committed 9728K, reserved 1048576K
}
Event: 951.806 GC heap before
{Heap before GC invocations=37 (full 5):
 garbage-first heap   total 106496K, used 73892K [0x0000000780000000, 0x0000000800000000)
  region size 1024K, 42 young (43008K), 6 survivors (6144K)
 Metaspace       used 68072K, capacity 70763K, committed 70828K, reserved 1110016K
  class space    used 8580K, capacity 9722K, committed 9728K, reserved 1048576K
}

